<?xml version="1.0" encoding="UTF-8"?>
<!-- Generated by org.testng.reporters.JUnitReportReporter -->
<testsuite hostname="Sono-Pc" failures="3" tests="18" name="org.example.Runners.runners" time="392.053" errors="0" timestamp="2022-11-24T18:47:01 EET" skipped="0">
  <testcase classname="org.example.Runners.runners" name="runScenario" time="15.385"/>
  <system-out/>
  <testcase classname="org.example.Runners.runners" name="runScenario" time="22.123"/>
  <system-out/>
  <testcase classname="org.example.Runners.runners" name="runScenario" time="18.334"/>
  <system-out/>
  <testcase classname="org.example.Runners.runners" name="runScenario" time="12.950"/>
  <system-out/>
  <testcase classname="org.example.Runners.runners" name="runScenario" time="14.674">
    <failure message="expected [https://demo.nopcommerce.com/nokia-lumia-1020] but found [https://demo.nopcommerce.com/]" type="java.lang.AssertionError">
      <![CDATA[java.lang.AssertionError: expected [https://demo.nopcommerce.com/nokia-lumia-1020] but found [https://demo.nopcommerce.com/]
at org.testng.Assert.fail(Assert.java:99)
at org.testng.Assert.failNotEquals(Assert.java:1037)
at org.testng.Assert.assertEqualsImpl(Assert.java:140)
at org.testng.Assert.assertEquals(Assert.java:122)
at org.testng.Assert.assertEquals(Assert.java:629)
at org.testng.Assert.assertEquals(Assert.java:639)
at org.example.stepDefs.D06_hSlidersStepDef.checkIfUAreRotatedToNokiaPage(D06_hSlidersStepDef.java:25)
at ✽.check if u are rotated to nokia page(file:///C:/Users/Sono-/Desktop/Java/automatedwebsite/src/main/resources/features/F06_hSliders.feature:5)
]]>
    </failure>
  </testcase> <!-- runScenario -->
  <system-out/>
  <testcase classname="org.example.Runners.runners" name="runScenario" time="31.157"/>
  <system-out/>
  <testcase classname="org.example.Runners.runners" name="runScenario" time="53.659"/>
  <system-out/>
  <testcase classname="org.example.Runners.runners" name="runScenario" time="23.449"/>
  <system-out/>
  <testcase classname="org.example.Runners.runners" name="runScenario" time="23.555"/>
  <system-out/>
  <testcase classname="org.example.Runners.runners" name="runScenario" time="19.700">
    <failure message="expected [https://demo.nopcommerce.com/new-online-store-is-open] but found [https://demo.nopcommerce.com/news/rss/1]" type="java.lang.AssertionError">
      <![CDATA[java.lang.AssertionError: expected [https://demo.nopcommerce.com/new-online-store-is-open] but found [https://demo.nopcommerce.com/news/rss/1]
at org.testng.Assert.fail(Assert.java:99)
at org.testng.Assert.failNotEquals(Assert.java:1037)
at org.testng.Assert.assertEqualsImpl(Assert.java:140)
at org.testng.Assert.assertEquals(Assert.java:122)
at org.testng.Assert.assertEquals(Assert.java:629)
at org.testng.Assert.assertEquals(Assert.java:639)
at org.example.stepDefs.D07_followUsStepDef.rssURL(D07_followUsStepDef.java:48)
at ✽.verify the Rss url(file:///C:/Users/Sono-/Desktop/Java/automatedwebsite/src/main/resources/features/F07_followUs.feature:16)
]]>
    </failure>
  </testcase> <!-- runScenario -->
  <system-out/>
  <testcase classname="org.example.Runners.runners" name="runScenario" time="44.094"/>
  <system-out/>
  <testcase classname="org.example.Runners.runners" name="runScenario" time="19.334"/>
  <system-out/>
  <testcase classname="org.example.Runners.runners" name="runScenario" time="15.318">
    <failure message="expected [ https://demo.nopcommerce.com/iphone-6] but found [https://demo.nopcommerce.com/]" type="java.lang.AssertionError">
      <![CDATA[java.lang.AssertionError: expected [ https://demo.nopcommerce.com/iphone-6] but found [https://demo.nopcommerce.com/]
at org.testng.Assert.fail(Assert.java:99)
at org.testng.Assert.failNotEquals(Assert.java:1037)
at org.testng.Assert.assertEqualsImpl(Assert.java:140)
at org.testng.Assert.assertEquals(Assert.java:122)
at org.testng.Assert.assertEquals(Assert.java:629)
at org.testng.Assert.assertEquals(Assert.java:639)
at org.example.stepDefs.D06_hSlidersStepDef.checkIfUAreRotatedToIphonePage(D06_hSlidersStepDef.java:40)
at ✽.check if u are rotated to iphone page(file:///C:/Users/Sono-/Desktop/Java/automatedwebsite/src/main/resources/features/F06_hSliders.feature:9)
]]>
    </failure>
  </testcase> <!-- runScenario -->
  <system-out/>
  <testcase classname="org.example.Runners.runners" name="runScenario" time="17.737"/>
  <system-out/>
  <testcase classname="org.example.Runners.runners" name="runScenario" time="15.212"/>
  <system-out/>
  <testcase classname="org.example.Runners.runners" name="runScenario" time="16.334"/>
  <system-out/>
  <testcase classname="org.example.Runners.runners" name="runScenario" time="13.841"/>
  <system-out/>
  <testcase classname="org.example.Runners.runners" name="runScenario" time="15.197"/>
  <system-out/>
</testsuite> <!-- org.example.Runners.runners -->
